<?xml version="1.0" encoding="UTF-8"?>
<!-- Generated by org.testng.reporters.JUnitReportReporter -->
<testsuite skipped="0" hostname="in-suhailma-1" name="selenium.Demo1" tests="1" failures="0" timestamp="28 Mar 2018 12:47:03 GMT" time="0.013" errors="0">
  <testcase name="TestA" time="0.013" classname="selenium.Demo1"/>
</testsuite> <!-- selenium.Demo1 -->
